c:\users\ademo\documents\fanshawe\animation\project\keyframeanimations\keyframeanimationsworkspace\keyframeanimations\x64\debug\vc143.pdb
c:\users\ademo\documents\fanshawe\animation\project\keyframeanimations\keyframeanimationsworkspace\keyframeanimations\x64\debug\vc143.idb
c:\users\ademo\documents\fanshawe\animation\project\keyframeanimations\keyframeanimationsworkspace\keyframeanimations\x64\debug\steelingbehaviorsystem.obj
c:\users\ademo\documents\fanshawe\animation\project\keyframeanimations\keyframeanimationsworkspace\keyframeanimations\x64\debug\main.obj
c:\users\ademo\documents\fanshawe\animation\project\keyframeanimations\keyframeanimationsworkspace\keyframeanimations\x64\debug\keyboardcallbackfunctions.obj
c:\users\ademo\documents\fanshawe\animation\project\keyframeanimations\keyframeanimationsworkspace\keyframeanimations\x64\debug\globalthings.obj
c:\users\ademo\documents\fanshawe\animation\project\keyframeanimations\keyframeanimationsworkspace\keyframeanimations\x64\debug\drawobject_function.obj
c:\users\ademo\documents\fanshawe\animation\project\keyframeanimations\keyframeanimationsworkspace\keyframeanimations\x64\debug\cvaomanager.obj
c:\users\ademo\documents\fanshawe\animation\project\keyframeanimations\keyframeanimationsworkspace\keyframeanimations\x64\debug\c3dmodelfileloader.obj
c:\users\ademo\documents\fanshawe\animation\project\keyframeanimations\keyframeanimationsworkspace\keyframeanimations\x64\debug\cshadermanager.obj
c:\users\ademo\documents\fanshawe\animation\project\keyframeanimations\keyframeanimationsworkspace\keyframeanimations\x64\debug\cshader.obj
c:\users\ademo\documents\fanshawe\animation\project\keyframeanimations\keyframeanimationsworkspace\keyframeanimations\x64\debug\cmeshobject.obj
c:\users\ademo\documents\fanshawe\animation\project\keyframeanimations\keyframeanimationsworkspace\keyframeanimations\x64\debug\clightmanager.obj
c:\users\ademo\documents\fanshawe\animation\project\keyframeanimations\keyframeanimationsworkspace\keyframeanimations\x64\debug\clighthelper.obj
c:\users\ademo\documents\fanshawe\animation\project\keyframeanimations\keyframeanimationsworkspace\keyframeanimations\x64\debug\clight.obj
c:\users\ademo\documents\fanshawe\animation\project\keyframeanimations\keyframeanimationsworkspace\keyframeanimations\x64\debug\ctexturefrombmp.obj
c:\users\ademo\documents\fanshawe\animation\project\keyframeanimations\keyframeanimationsworkspace\keyframeanimations\x64\debug\cbasictexturemanager.obj
c:\users\ademo\documents\fanshawe\animation\project\keyframeanimations\keyframeanimationsworkspace\keyframeanimations\x64\debug\c24bitbmppixel.obj
c:\users\ademo\documents\fanshawe\animation\project\keyframeanimations\keyframeanimationsworkspace\keyframeanimations\x64\debug\glad.obj
c:\users\ademo\documents\fanshawe\animation\project\keyframeanimations\keyframeanimationsworkspace\keyframeanimations\x64\debug\animationloader.obj
c:\users\ademo\documents\fanshawe\animation\project\keyframeanimations\keyframeanimationsworkspace\keyframeanimations\x64\debug\animationmanager.obj
c:\users\ademo\documents\fanshawe\animation\project\keyframeanimations\keyframeanimationsworkspace\x64\debug\keyframeanimations.exe
c:\users\ademo\documents\fanshawe\animation\project\keyframeanimations\keyframeanimationsworkspace\keyframeanimations\x64\debug\keyframeanimations.ilk
c:\users\ademo\documents\fanshawe\animation\project\keyframeanimations\keyframeanimationsworkspace\x64\debug\keyframeanimations.pdb
c:\users\ademo\documents\fanshawe\animation\project\keyframeanimations\keyframeanimationsworkspace\keyframeanimations\x64\debug\animationloader.obj.enc
c:\users\ademo\documents\fanshawe\animation\project\keyframeanimations\keyframeanimationsworkspace\keyframeanimations\x64\debug\animationmanager.obj.enc
c:\users\ademo\documents\fanshawe\animation\project\keyframeanimations\keyframeanimationsworkspace\keyframeanimations\x64\debug\keyboardcallbackfunctions.obj.enc
c:\users\ademo\documents\fanshawe\animation\project\keyframeanimations\keyframeanimationsworkspace\keyframeanimations\x64\debug\main.obj.enc
c:\users\ademo\documents\fanshawe\animation\project\keyframeanimations\keyframeanimationsworkspace\keyframeanimations\x64\debug\keyframe.9b084204.tlog\cl.command.1.tlog
c:\users\ademo\documents\fanshawe\animation\project\keyframeanimations\keyframeanimationsworkspace\keyframeanimations\x64\debug\keyframe.9b084204.tlog\cl.read.1.tlog
c:\users\ademo\documents\fanshawe\animation\project\keyframeanimations\keyframeanimationsworkspace\keyframeanimations\x64\debug\keyframe.9b084204.tlog\cl.write.1.tlog
c:\users\ademo\documents\fanshawe\animation\project\keyframeanimations\keyframeanimationsworkspace\keyframeanimations\x64\debug\keyframe.9b084204.tlog\link.command.1.tlog
c:\users\ademo\documents\fanshawe\animation\project\keyframeanimations\keyframeanimationsworkspace\keyframeanimations\x64\debug\keyframe.9b084204.tlog\link.read.1.tlog
c:\users\ademo\documents\fanshawe\animation\project\keyframeanimations\keyframeanimationsworkspace\keyframeanimations\x64\debug\keyframe.9b084204.tlog\link.write.1.tlog
